<?xml version="1.0" encoding="UTF-8"?>
<testng-results ignored="0" total="2" passed="2" failed="0" skipped="0">
  <reporter-output>
  </reporter-output>
  <suite started-at="2018-11-19T12:48:12Z" name="Default suite" finished-at="2018-11-19T12:48:48Z" duration-ms="36352">
    <groups>
    </groups>
    <test started-at="2018-11-19T12:48:12Z" name="Default test" finished-at="2018-11-19T12:48:48Z" duration-ms="36352">
      <class name="packagedatadriven.DataDriven">
        <test-method signature="login(java.lang.String, java.lang.String)[pri:0, instance:packagedatadriven.DataDriven@2cd76f31]" started-at="2018-11-19T12:48:12Z" name="login" data-provider="testdata" finished-at="2018-11-19T12:48:30Z" duration-ms="18366" status="PASS">
          <params>
            <param index="0">
              <value>
                <![CDATA[amw.vrushali@gmail.com]]>
              </value>
            </param>
            <param index="1">
              <value>
                <![CDATA[Qwerty123]]>
              </value>
            </param>
          </params>
          <reporter-output>
          </reporter-output>
        </test-method> <!-- login -->
        <test-method signature="login(java.lang.String, java.lang.String)[pri:0, instance:packagedatadriven.DataDriven@2cd76f31]" started-at="2018-11-19T12:48:30Z" name="login" data-provider="testdata" finished-at="2018-11-19T12:48:48Z" duration-ms="17821" status="PASS">
          <params>
            <param index="0">
              <value>
                <![CDATA[hjhfjj@gmai.com]]>
              </value>
            </param>
            <param index="1">
              <value>
                <![CDATA[kksjjk123]]>
              </value>
            </param>
          </params>
          <reporter-output>
          </reporter-output>
        </test-method> <!-- login -->
      </class> <!-- packagedatadriven.DataDriven -->
    </test> <!-- Default test -->
  </suite> <!-- Default suite -->
</testng-results>
